<?xml version="1.0" encoding="UTF-8"?>
<!-- Generated by org.testng.reporters.JUnitReportReporter -->
<testsuite skipped="0" hostname="MDB21LT416" name="SampleSelinium" tests="2" failures="0" timestamp="2021-09-17T13:54:46 IST" time="19.392" errors="0">
  <testcase name="TestMethod2" time="8.912" classname="SampleSelinium"/>
  <system-out/>
  <testcase name="TestMethod" time="10.480" classname="SampleSelinium"/>
  <system-out/>
</testsuite> <!-- SampleSelinium -->
