<?xml version="1.0" encoding="UTF-8"?>
<!-- Generated by org.testng.reporters.JUnitReportReporter -->
<testsuite skipped="0" hostname="MDB21LT416" name="SampleSelinium" tests="2" failures="0" timestamp="2021-09-17T18:30:08 IST" time="29.324" errors="0">
  <testcase name="TestMethod" time="18.301" classname="SampleSelinium"/>
  <system-out/>
  <testcase name="TestMethod2" time="11.023" classname="SampleSelinium"/>
  <system-out/>
</testsuite> <!-- SampleSelinium -->
