<?xml version="1.0" encoding="UTF-8"?>
<!-- Generated by org.testng.reporters.JUnitReportReporter -->
<testsuite hostname="MDB21LT416" failures="0" tests="1" name="com.maven.aqua.VerifyLogin" time="40.205" errors="0" timestamp="2021-09-17T12:10:36 IST" skipped="0">
  <testcase classname="com.maven.aqua.VerifyLogin" name="verifyValidLogin" time="40.205"/>
  <system-out/>
</testsuite> <!-- com.maven.aqua.VerifyLogin -->
