<?xml version="1.0" encoding="UTF-8"?>
<!-- Generated by org.testng.reporters.JUnitReportReporter -->
<testsuite skipped="0" hostname="MDB21LT416" name="SampleSelinium" tests="2" failures="0" timestamp="2021-09-17T13:41:06 IST" time="19.613" errors="0">
  <testcase name="TestMethod" time="10.444" classname="SampleSelinium"/>
  <system-out/>
  <testcase name="TestMethod2" time="9.169" classname="SampleSelinium"/>
  <system-out/>
</testsuite> <!-- SampleSelinium -->
